Arguments: 
  C:\Program Files\nodejs\node.exe C:\Users\Kouki\AppData\Roaming\npm\node_modules\yarn\bin\yarn.js add loadash.debounce

PATH: 
  C:\Program Files\WindowsPowerShell\Modules\oh-my-posh;C:\Program Files\WindowsPowerShell\Modules\oh-my-posh;C:\Python310\Scripts\;C:\Python310\;C:\Program Files (x86)\NVIDIA Corporation\PhysX\Common;C:\Program Files\Common Files\Oracle\Java\javapath;C:\Program Files (x86)\Common Files\Intel\Shared Libraries\redist\intel64\compiler;C:\WINDOWS\system32;C:\WINDOWS;C:\WINDOWS\System32\Wbem;C:\WINDOWS\System32\WindowsPowerShell\v1.0\;C:\WINDOWS\System32\OpenSSH\;C:\Program Files\Common Files\Autodesk Shared\;C:\Program Files\dotnet\;C:\Program Files\Microsoft SQL Server\130\Tools\Binn\;C:\Program Files (x86)\Windows Live\Shared;%JAVA_HOME%\bin;C:\Program Files\Microsoft SQL Server\Client SDK\ODBC\170\Tools\Binn\;C:\Program Files (x86)\Microsoft SQL Server\150\Tools\Binn\;C:\Program Files\Microsoft SQL Server\150\Tools\Binn\;C:\Program Files\Microsoft SQL Server\150\DTS\Binn\;C:\Program Files\Git\cmd;C:\Program Files (x86)\Neovim\bin;C:\ProgramData\chocolatey\bin;C:\Program Files\PostgreSQL\14\bin;C:\Program Files\Go\bin;C:\Program Files\nodejs\;C:\Users\Kouki\AppData\Local\Programs\Python\Python310\Scripts\;C:\Users\Kouki\AppData\Local\Programs\Python\Python310\;C:\Users\Kouki\AppData\Local\Programs\Python\Launcher\;C:\Users\Kouki\.cargo\bin;C:\mingw64\bin;C:\Ruby30-x64\bin;C:\Program Files\Git;C:\Users\Kouki.\cargo\bin;C:\Users\Kouki\scoop\shims;C:\RailsInstaller\Ruby2.3.3\bin;C:\tools\neovim\Neovim\bin;C:\Users\Kouki\scoop\apps\gcc\current\bin;C:\Users\Kouki\AppData\Local\Programs\mongosh\;C:\Users\Kouki\AppData\Local\Microsoft\WindowsApps;C:\Users\Kouki\AppData\Local\Android\Sdk\platform-tools;C:\Program Files (x86)\mingw-w64\i686-8.1.0-posix-dwarf-rt_v6-rev0\mingw32\bin;C:\Users\Kouki\go\bin;C:\Users\Kouki\AppData\Roaming\npm;C:\Program Files\heroku\bin;C:\Users\Kouki\AppData\Local\Programs\Microsoft VS Code\bin;C:\Users\Kouki\scoop\apps\neovim\current\bin

Yarn version: 
  1.22.17

Node version: 
  16.14.0

Platform: 
  win32 x64

Trace: 
  Error: https://registry.yarnpkg.com/loadash.debounce: Not found
      at Request.params.callback [as _callback] (C:\Users\Kouki\AppData\Roaming\npm\node_modules\yarn\lib\cli.js:67029:18)
      at Request.self.callback (C:\Users\Kouki\AppData\Roaming\npm\node_modules\yarn\lib\cli.js:140883:22)
      at Request.emit (node:events:520:28)
      at Request.<anonymous> (C:\Users\Kouki\AppData\Roaming\npm\node_modules\yarn\lib\cli.js:141855:10)
      at Request.emit (node:events:520:28)
      at IncomingMessage.<anonymous> (C:\Users\Kouki\AppData\Roaming\npm\node_modules\yarn\lib\cli.js:141777:12)
      at Object.onceWrapper (node:events:639:28)
      at IncomingMessage.emit (node:events:532:35)
      at endReadableNT (node:internal/streams/readable:1346:12)
      at processTicksAndRejections (node:internal/process/task_queues:83:21)

npm manifest: 
  {
    "dependencies": {
      "axios": "^0.26.1"
    }
  }

yarn manifest: 
  No manifest

Lockfile: 
  # THIS IS AN AUTOGENERATED FILE. DO NOT EDIT THIS FILE DIRECTLY.
  # yarn lockfile v1
  
  
  axios@^0.26.1:
    version "0.26.1"
    resolved "https://registry.yarnpkg.com/axios/-/axios-0.26.1.tgz#1ede41c51fcf51bbbd6fd43669caaa4f0495aaa9"
    integrity sha512-fPwcX4EvnSHuInCMItEhAGnaSEXRBjtzh9fOtsE6E1G6p7vl7edEeZe11QHf18+6+9gR5PbKV/sGKNaD8YaMeA==
    dependencies:
      follow-redirects "^1.14.8"
  
  follow-redirects@^1.14.8:
    version "1.14.9"
    resolved "https://registry.yarnpkg.com/follow-redirects/-/follow-redirects-1.14.9.tgz#dd4ea157de7bfaf9ea9b3fbd85aa16951f78d8d7"
    integrity sha512-MQDfihBQYMcyy5dhRDJUHcw7lb2Pv/TuE6xP1vyraLukNDHKbDxDNaOE3NbCAdKQApno+GPRyo1YAp89yCjK4w==
